01f7dee3-a87b-4569-86d0-f4b2d2cdea2b|name 0|content 0
b756d4ed-d9db-45e8-8039-dd6811cdbd1b|name 1|content 1
ef7d15b7-cefe-4f65-b075-b6e912c8a8e3|name 2|content 2
b95059a3-e646-461f-9b71-40b37441f9fb|name 3|content 3
6b79f32f-4878-4952-b6d0-ed40425ccfca|name 4|content 4
d82cb048-c0f8-433e-b794-c76b85e8b526|name 5|content 5
2aee8b6b-3ca2-4b3b-81d9-5bb8a3a7dda0|name 6|content 6
261dd608-875b-497b-9219-358ae203a398|name 7|content 7
0906cc2a-5af3-43f3-bca4-e9ee811f6b3a|name 8|content 8
56a326da-9e1c-4813-8dbc-13a49e58c79f|name 9|content 9
39a3f791-6359-43c9-8168-99d82fc2dfc3|name 10|content 10
2d369091-4aec-4f18-af91-7292ad0713ed|name 11|content 11
868915be-8eaa-4113-bf2a-6cc156ba6330|name 12|content 12
53f8428e-7d4d-4419-8933-9a42ab870b53|name 13|content 13
606f83b5-db9b-4f7c-a62f-342e67071d39|name 14|content 14
6f45a7fa-898e-44db-b680-39ad01efd3f3|name 15|content 15
15f79144-7f87-4dce-bf3f-b47010af8fff|name 16|content 16
4e6d8f54-6371-4990-9ab4-e6953160e887|name 17|content 17
b43c62eb-27ec-4274-aeb6-2e614c192199|name 18|content 18
1772338e-834a-43bc-8878-411cc04c418b|name 19|content 19
449637f4-59fe-4220-812d-82cf1fbf49e6|name 20|content 20
ff76902d-f3dd-497e-8275-539d8d1ba8a1|name 21|content 21
832bb26b-6aa5-469e-b331-f63e3f22288e|name 22|content 22
eebcbf18-1b2b-4033-9454-ecc7385474d0|name 23|content 23
cfae7336-4a22-4988-a297-7008a8122054|name 24|content 24
5d583a22-4bb9-4cd4-8caa-b3e1e6e5b0cb|name 25|content 25
653510f2-9a4c-490d-8f4c-0438e529cd08|name 26|content 26
50cb4e42-4450-4a7e-b129-5e386a71b7f8|name 27|content 27
df6f9f03-0d31-4386-b1e7-8de5304514de|name 28|content 28
5725d0b9-7641-4054-9451-a067d3852087|name 29|content 29
47461529-af80-44b4-80fc-c849cde321c4|name 30|content 30
a2c8a15e-97e0-4a55-bb48-501b4737600a|name 31|content 31
c3873c4c-bf4a-4647-aca9-c6eed51a389d|name 32|content 32
0f7644ce-c5a7-4c29-b337-528c27bcd4ff|name 33|content 33
19b96309-473d-4c6a-8d06-a64675044ba5|name 34|content 34
18f5f7ef-0ed8-429e-adcd-405c22b45ccc|name 35|content 35
9bb9a8f6-da50-4a87-8545-367947d217f5|name 36|content 36
9541d68c-692c-4ced-8742-9a649e36b5af|name 37|content 37
97e320c4-6f2f-45d8-8d94-4954beec4c02|name 38|content 38
d34fdd57-8508-4876-a2af-6c80098be1f9|name 39|content 39
cdda6274-f107-4a10-97f0-db35a82461c8|name 40|content 40
74c991ae-9b99-4989-b12a-71dded8d9ac4|name 41|content 41
e4558bb2-bdd4-4846-9416-fd0961d7cb46|name 42|content 42
2f66a0e0-23f8-4cb4-94f7-dad79c21e8e7|name 43|content 43
63a37eb2-a903-43e9-b5e0-9744d4f54cff|name 44|content 44
4e1c379a-9d85-4b9f-bec5-b1ef7684d8c2|name 45|content 45
b2d1e365-6b63-460a-83a1-b1bdd3c524bc|name 46|content 46
1b4a59d4-8aea-40d5-ac2b-77177acc5537|name 47|content 47
c0416edf-631d-4c62-a5a6-95213e13d5af|name 48|content 48
5e0bca7b-9404-498d-9b85-537f031bf32b|name 49|content 49
0dbceed6-7a50-45d7-a57b-e7fb7b43a027|name 50|content 50
67eef5f3-1579-4dff-995e-3c16df5b80f0|name 51|content 51
bcfe3151-3872-44fb-aa04-5b381938af25|name 52|content 52
9eddace1-cce9-4463-a067-e5091a2ee483|name 53|content 53
38b852c2-17a5-41f4-8853-8c55448335c4|name 54|content 54
1fa5521c-a9cb-4fe6-9784-3ed9a329aec1|name 55|content 55
50ada610-0bc8-4a14-b104-b035a6c42ded|name 56|content 56
ff28e3bc-4dca-4707-abb9-934d0597715e|name 57|content 57
aefd4e2e-5208-415a-9205-ce5f3f912363|name 58|content 58
bee8d37a-cb87-43b9-a993-b221b7536958|name 59|content 59
9e1905fd-cdad-4f6c-9e8d-dddf4c2a48ed|name 60|content 60
f447eab5-a476-431a-9206-dd45bcee3e0e|name 61|content 61
f71bf27b-a0e7-4162-b150-8346a1a746b2|name 62|content 62
de619f76-400c-4ffb-80b6-ded70e33901a|name 63|content 63
6462ee9b-e7b1-4d07-8b4f-1be09277990b|name 64|content 64
06456e5a-2ada-4016-bf0d-fa7391aab932|name 65|content 65
9078f472-525c-4439-99c2-632ddde1effd|name 66|content 66
5ac82e7e-132e-42ac-97ba-04c79c2603b2|name 67|content 67
a08cab8e-7a17-4ccd-a74d-c2411c00829e|name 68|content 68
2a6d60d7-fdb4-4be3-8dad-ffdb8349e776|name 69|content 69
4d2fef77-0b55-4c71-b923-343fcbf62707|name 70|content 70
ed067b1c-ceef-4b88-b937-ec6dd47de768|name 71|content 71
52891023-f72e-4283-80e1-001a95d317e6|name 72|content 72
8df8c12e-9c8d-458a-b49b-b93e6d86669f|name 73|content 73
fcca12ed-0a7a-4e64-9551-370615e1aaeb|name 74|content 74
6ba5835b-7201-47ee-b6f1-05dd46d2e46c|name 75|content 75
7fb37a27-d351-4d03-9ffb-ba47097a4d35|name 76|content 76
879ede30-cd55-4487-beae-b7f46b211e14|name 77|content 77
878167f1-50bf-40fb-a118-4e3c3ce63089|name 78|content 78
4c333a6b-417f-4f9a-93af-b0cb9f8272a1|name 79|content 79
4cae3dc0-03f5-4e43-8c48-2251397bb053|name 80|content 80
20e68ffe-26f6-4f05-9f8c-e35200f88b6e|name 81|content 81
efbda112-1203-466f-94e6-f25e4a0d29a3|name 82|content 82
ac5c8f0d-7dcd-4530-9b8a-91ded1266b72|name 83|content 83
73ee2d2f-697e-4e27-a049-1d1bf3053c5c|name 84|content 84
1cbd0642-47d8-47da-b2a8-1c550dfea754|name 85|content 85
014e7571-ad3b-4462-a557-32aefe9c077f|name 86|content 86
578c243c-b61f-4a38-a854-9311d10af8c0|name 87|content 87
578891f5-6d26-438c-af14-62c41327ce31|name 88|content 88
79e0cd11-1d05-49dd-b14c-f6e3ec781f69|name 89|content 89
478daf8f-e00e-4ca3-9f71-0a41c55afa9c|name 90|content 90
3bce6180-04a9-46a3-b2f9-0646285b4a63|name 91|content 91
ca82e8bb-4fbb-4b2f-989c-85794f001e3e|name 92|content 92
666492bd-5abd-4964-841d-f72982cbacb3|name 93|content 93
7482da84-59ac-4a13-a24d-bb7dd41c5aa4|name 94|content 94
ac07de22-3c24-4f6a-b98d-00fcfbe38c23|name 95|content 95
edbea94d-995c-43ff-89a1-8f0ddd199ebc|name 96|content 96
6b4b274e-20d8-4f58-88d3-9605db3fefba|name 97|content 97
71c927a1-b6f3-40d9-9b02-6929d00cfd1a|name 98|content 98
149a6dc1-81d8-4428-8687-93dbe5b1980e|name 99|content 99
39534c88-1a1a-454a-be0f-83fd11847b6f|name 100|content 100
0d8b6a4c-6e5c-45c8-98de-059e61cb8e54|name 101|content 101
deb7ee34-3de4-4027-9e10-cb5189bd3727|name 102|content 102
2a821975-b90b-48b9-a406-4760cf41cfff|name 103|content 103
eb485373-937a-4516-9495-4b26a49a7a0d|name 104|content 104
9fb4ba06-513c-45ff-b32c-ee3742c84eb4|name 105|content 105
f00a1ace-e6c3-4572-9ba9-db3794794a80|name 106|content 106
8b691c3c-3eb6-45f9-b532-da71d140e60f|name 107|content 107
e36d91a3-fe2b-45b6-8206-854e8bff4598|name 108|content 108
4e3e1fa8-6710-4580-901f-f8151446fcea|name 109|content 109
6a6af452-afeb-45a7-801c-ec9c5a2ba5f6|name 110|content 110
09e52642-0068-438a-b103-683dd31e4972|name 111|content 111
105cc263-b523-4e7d-bb37-49ea762af05e|name 112|content 112
3b3691b2-120c-4214-b0a5-d034730708a1|name 113|content 113
7318762f-5d8d-465a-8118-4858b10b77e0|name 114|content 114
96a31949-45f4-4079-8c15-0b5213d5dc7b|name 115|content 115
eb50bf8e-a919-4c33-9ca4-f815e1cc4a48|name 116|content 116
eae575c2-40da-486c-b400-2ce0cb47694f|name 117|content 117
4a20b6a2-78db-4d60-9a78-b4ab6afbd43e|name 118|content 118
8f9439e5-7066-4f76-bd45-57cf8b73753a|name 119|content 119
8718773c-4b97-4206-9427-ae3d062760c7|name 120|content 120
b11b1df2-7413-4f60-b006-2f86409d45c0|name 121|content 121
692c5cf7-09f8-4e0e-8fce-9c41ac44cc5f|name 122|content 122
8c01f3eb-cb46-4088-bbe8-34a7ae44f61e|name 123|content 123
28750848-fb6a-4742-8513-c38d9fa43cca|name 124|content 124
3725ce79-64ea-4ccc-9d37-13c829741a99|name 125|content 125
df29fdc9-d721-4592-8919-ba36af937c16|name 126|content 126
fa38c621-f410-43f4-aee9-9a06825a791c|name 127|content 127
1351e0de-e41e-4d1c-8cd8-564045fb1686|name 128|content 128
c970e027-1ad5-465e-b4aa-e7c1be62b3fa|name 129|content 129
b0103fbe-91a5-4c06-89d3-45a1b596e4d0|name 130|content 130
0ca0a431-c116-41e2-8475-2db9b407fa53|name 131|content 131
eb636220-0132-4adb-a8cf-e43e891505f8|name 132|content 132
33c41290-b8be-4e06-a96f-ff9a7eb15764|name 133|content 133
2cdcbabb-e5a0-4ee1-9171-5dfcc5d9749b|name 134|content 134
cfacb28c-2523-4282-bfbb-03562f9dddca|name 135|content 135
95b85c35-f53f-4b44-ba11-abb417ea7638|name 136|content 136
876c209e-d57f-4c24-acca-2bb3d5b05ba1|name 137|content 137
b2d4dd35-2be9-4d6f-8b1b-dff5730e32ca|name 138|content 138
9084da42-463a-41dd-bdfe-4b3b3d51c2e5|name 139|content 139
e8a513ad-033e-4208-b778-86489c2aa683|name 140|content 140
61b680cd-6021-4cbf-a2fc-fcf24cded55b|name 141|content 141
63a6c34c-8ac1-4888-acbc-0b4e80700ba9|name 142|content 142
8d37d326-8868-422e-9b3c-63dd86435b46|name 143|content 143
f70c7c24-057b-4ec3-a353-e8321f98532c|name 144|content 144
0d5e8460-faf4-4093-8e69-ef65695c664a|name 145|content 145
69e92226-4082-43b8-8530-d398c1f75b97|name 146|content 146
c0e147bb-d650-4b28-841e-87a87f7429e1|name 147|content 147
facf7df8-0846-483c-be7f-3e71a0c428f1|name 148|content 148
23e3c2c7-53f9-4f9d-a594-536634815081|name 149|content 149
7df78152-1062-4a99-84f9-71fe71647d26|name 150|content 150
802f261e-10c9-4bdd-bb62-2d4804e70d83|name 151|content 151
5cc409ae-395c-4b6e-abc8-d675d9bfe3a0|name 152|content 152
d7f4a075-e755-4fe2-8dc9-254f9641ccbf|name 153|content 153
ffbd2f62-fc39-4c08-97c8-7f810eb777af|name 154|content 154
817161ac-4455-4110-b061-8f0cab9e3bfd|name 155|content 155
a7664ba1-e6ef-4b4c-9f22-dcb410af19f1|name 156|content 156
5d3795c2-8fb1-4d7f-b70c-0cf81a4443eb|name 157|content 157
b2877f41-387d-4d42-a5b2-6c1ede25bd63|name 158|content 158
9c21f248-bc62-44da-b0c0-408ca34a97d1|name 159|content 159
1de57c82-5da8-4fd2-b920-832fa4295d86|name 160|content 160
2b18ea39-f9ce-4ee8-a185-60d456d19053|name 161|content 161
504d1924-d8af-4d0b-9c6d-e8c075bed058|name 162|content 162
75502a95-6609-43fa-94ec-7225420228c4|name 163|content 163
621d6433-afd1-400c-8f38-b2e34c40fa46|name 164|content 164
67af45aa-aa85-4ec8-a185-590d77f94fa2|name 165|content 165
9ff0d05e-b36a-4fc0-856a-c6cdbdd455c2|name 166|content 166
5a7eade1-dc90-4873-9ae2-b934d8907182|name 167|content 167
1eea6fd9-ee30-4a7a-a8b1-834d2e52f0df|name 168|content 168
168d638b-539c-4cab-b98f-e0a3e4281b25|name 169|content 169
65d1675b-de74-4676-a7b5-1b89cbd9b86c|name 170|content 170
1e63c7df-963c-4f43-8bce-d4ea6b8bc0b1|name 171|content 171
db1bbf3d-10c0-4c3b-8eef-a427ea550340|name 172|content 172
26b7102a-d610-435a-b9ac-fb4b88cf5ac2|name 173|content 173
0bac4b0c-84b4-412a-9e06-db6267698fdc|name 174|content 174
75c246f4-4688-410a-8443-8db1a8ff6a76|name 175|content 175
1efaeb06-4d93-4454-9d5a-0959d4a65c1a|name 176|content 176
3bd7c4cf-5a8d-443a-ab58-da9916afa1f1|name 177|content 177
db4ba808-8ac5-4f3e-9fc6-5c85fb5c74e6|name 178|content 178
fe92c31e-c7b0-4a55-a6d9-f9c223478a3f|name 179|content 179
a879c781-6539-4043-bed5-92df1edbb947|name 180|content 180
f8c745e6-6d76-49bd-af4d-cf10bb7b6907|name 181|content 181
e67b818d-5136-4a3d-aa96-925ad549bfdb|name 182|content 182
84670da5-f127-44d5-afcb-73708ee22bb4|name 183|content 183
e74a31ef-6d4a-4288-9c36-1c0322bf0364|name 184|content 184
425a9844-4fd5-4a9c-9658-847674afcfbb|name 185|content 185
b79e8678-d01e-4a89-a98d-9573064469d2|name 186|content 186
fdf6fb60-1982-472f-981c-182f573ecc76|name 187|content 187
9220a944-a0fe-46cf-bc5b-c0a5bda0af31|name 188|content 188
d40ea4da-43d6-4082-aab6-66c1a2da2329|name 189|content 189
ba1e9c4e-473a-4b98-b197-57966792ef61|name 190|content 190
6663cfe7-2a86-423c-92f6-ded5ff61154c|name 191|content 191
227e4656-9c4f-4464-823e-a39a433f4aa3|name 192|content 192
40fc00b1-4a2a-41d6-832f-c7390eade375|name 193|content 193
89ec332a-0486-444c-a885-917b66373737|name 194|content 194
26842a80-2a1c-4ab0-af28-fabfb7f7ef77|name 195|content 195
43ebfb0c-0734-4e96-aa97-4c1334ec1105|name 196|content 196
5bda1b8c-9af8-4404-9bdb-68048cc84108|name 197|content 197
f337d413-52c4-4a5c-90dc-e925fe0e6dff|name 198|content 198
7843a07a-d42a-42c9-944e-671950977369|name 199|content 199
9d1604a5-f878-4d32-98a8-96cfa9d1cf39|name 200|content 200
df139619-253c-4a3b-96d6-46966ed1d4cc|name 201|content 201
15790d85-8da6-44c6-a36b-ae686e7a74ba|name 202|content 202
721719d8-ae4e-4780-aec1-c23b6704bcb1|name 203|content 203
73b96696-fefc-4c08-829f-38c8acf5d12c|name 204|content 204
6172ca91-4d20-414f-b9ae-bfdc43329ac6|name 205|content 205
9f191e3f-4eca-416b-a9c6-2b4625d0f43c|name 206|content 206
2028df9d-4223-4775-8b3f-e7a0d4704325|name 207|content 207
c362b7cb-30e9-422a-a611-c00a867762a7|name 208|content 208
bbc376e5-3554-49dc-b62a-0155647ce5c1|name 209|content 209
8bba9e61-255b-4141-bb62-3b4a3b812351|name 210|content 210
27810f7a-a635-4e67-9216-edbb9b873aca|name 211|content 211
ba0895c7-04cc-4562-9ae1-9f29c12eefd4|name 212|content 212
c9482d85-56e5-4720-9bb5-cdbbaf38966e|name 213|content 213
05a76d8b-feca-41fa-9a7b-e007bf5373bb|name 214|content 214
c79ea92c-f605-4400-ab13-5b774a860d57|name 215|content 215
01652ce5-0fa7-4d66-bfe1-9c1a84400049|name 216|content 216
70f56f84-3c97-4ac9-9708-5de687e29554|name 217|content 217
57cb30e4-c98c-4351-8aed-0e94501712ea|name 218|content 218
06e951e9-9295-4fbf-86de-c44686c99c89|name 219|content 219
4c3f1509-ead6-4736-a420-b3bd659ae4e0|name 220|content 220
2cb66a6a-ada1-484e-9b37-e9cc47a6a045|name 221|content 221
883dd7a7-738d-4b93-8a35-35c064c80d28|name 222|content 222
c70e386c-01c3-4694-97f4-0ae4cca36d90|name 223|content 223
c688b691-0c00-432a-9441-1564673fe82a|name 224|content 224
49d53e80-2b7d-42f7-a07d-8c3e6aed5f2d|name 225|content 225
a716dcf6-383d-4369-8d85-e1ba793e814e|name 226|content 226
412c02a4-755f-4ccc-9092-a82e8368bbf1|name 227|content 227
e48aada7-6cb9-43a9-adcc-e08a5a0a6638|name 228|content 228
19e24ab8-4c40-47a6-86f8-8f4652e33cb7|name 229|content 229
b4c872fa-009f-4381-984c-224fc5200c57|name 230|content 230
ffa16799-400c-4803-acf5-fd18f9808826|name 231|content 231
adcc0b90-3497-43ac-9177-2d793976c7e2|name 232|content 232
7fddc1b6-dc59-4d40-9831-56596ef1451d|name 233|content 233
4bf759aa-0b46-41a3-8978-570d894dcb4b|name 234|content 234
2bbf2fa1-9367-43b4-87b7-88e1667ad154|name 235|content 235
ed3c7c31-e529-4660-b980-b9371e270b88|name 236|content 236
d7b07f06-ebce-4722-9b10-eab800706bbe|name 237|content 237
ea9bc65a-71d1-4dca-b7bc-b719412814da|name 238|content 238
eaee5e7a-8e3e-4ecf-b9a7-d0c780fbc8b8|name 239|content 239
a05cbe49-4387-4a0f-bf0e-93cff06778b6|name 240|content 240
0663f481-a19c-4904-b2d0-d6044fc64991|name 241|content 241
69a44ea2-5243-41d8-99f5-a0bcdae4ba46|name 242|content 242
36f2596e-8e2e-4916-844d-25db342dca40|name 243|content 243
c8157d09-9df2-450c-8bab-f0c705561eb6|name 244|content 244
1931d3df-aa98-43c2-b0b2-61ecba05abdb|name 245|content 245
327a7e94-59a4-460f-b4fb-73dd91c0d5cd|name 246|content 246
bf9af605-ed3e-4493-8d44-822bf49afc43|name 247|content 247
50705326-ac73-460f-b991-57bdecd99fc9|name 248|content 248
5739c1bb-f6e6-4712-bcba-e919912041fc|name 249|content 249
6b5b8c42-9571-4bc1-97d5-34917124efdd|name 250|content 250
e71e0d67-ee97-44e6-96c3-f1f045b74f51|name 251|content 251
bfa95c93-ce70-4878-9e1a-8ae343abe694|name 252|content 252
692ab545-50e9-4160-b196-49adc5c000fc|name 253|content 253
8ee4d31a-40e9-4068-9a93-b1f7dd39f2cf|name 254|content 254
81773ac8-96dd-42c5-8ae0-742c64f7f3ef|name 255|content 255
cc683efa-fcbf-4600-bdbe-77e47e5f61c1|name 256|content 256
07cf8ad8-50cf-48ef-a06f-9dd3d0ff8610|name 257|content 257
7496ea56-de52-49c0-a033-041b21afeaf3|name 258|content 258
0020f893-1990-40db-a9e0-58f781f57cab|name 259|content 259
76f6cc47-7c86-40da-9d3e-a75c411fea98|name 260|content 260
e971d417-7f51-4cdb-af43-5a39f4f50e0b|name 261|content 261
1ffa6669-60f6-4b68-91bb-3320ca902d87|name 262|content 262
9efff1aa-1679-4f49-a10a-7127f30862e7|name 263|content 263
3ed12440-49a0-474f-87f8-f4d045b46fe7|name 264|content 264
0272dc06-29e5-4c3d-935e-bf3848094a43|name 265|content 265
78cc1346-134e-42ea-9fca-ce527a5f8ec2|name 266|content 266
79bf4310-aa76-4076-85c4-317923b0fa6c|name 267|content 267
147daeea-5ebe-4c91-a4c4-d56b0bcb09f4|name 268|content 268
d866a832-75cb-467d-820f-e3f5f098ef93|name 269|content 269
63e2560e-cdcb-4449-955e-ea186367260a|name 270|content 270
5c79d25b-7d59-440f-abee-081c15f3cd47|name 271|content 271
c262961c-317d-4bbe-a6b2-b782dc376b40|name 272|content 272
c310f7d0-3845-442e-8dc0-bc0f4e9a7a03|name 273|content 273
a9302e1e-64f3-47c3-8c5e-fa77ae88b27a|name 274|content 274
2d7a7b50-2a8b-4b57-804a-9124f2460c55|name 275|content 275
acdb9ca9-8070-46bf-bcec-6ce08cc34a2b|name 276|content 276
382c2f94-32b5-4e3d-af5b-f59e117ff953|name 277|content 277
bb4237dd-ff4f-4cfa-b71e-f9e78ea54b5d|name 278|content 278
fdf03d6a-dba5-4143-9dd1-adb48f19dcb2|name 279|content 279
b5e4997c-9141-4e5b-87ee-2cedeab05d1c|name 280|content 280
7c886f8f-6da4-4de5-ad64-699d26c7b4fb|name 281|content 281
72819088-8fa1-4d75-9416-ad70e8eeeac4|name 282|content 282
9a910d05-055c-45a6-b6c0-44abc7ae2319|name 283|content 283
84b181fd-7871-4bec-9923-e9f1e62ca954|name 284|content 284
4abb69ad-1ec9-4b13-84b2-2d8bfd25ec6b|name 285|content 285
fabd9683-f16e-474f-85e9-55d62dfecffa|name 286|content 286
5ec469af-84bc-4f20-85ec-a47f45ee6e2c|name 287|content 287
3842fc94-b9c4-4718-9b14-35b1f61b5d03|name 288|content 288
eed472d9-2e11-4280-a09f-f11709a8d53e|name 289|content 289
ed60dfce-ce59-47e3-bf32-da7f560321c5|name 290|content 290
84512d4b-3547-4ed8-8352-a4886fa3022e|name 291|content 291
af419830-5120-4d62-881c-ab6165b5569f|name 292|content 292
64ba1a21-a42d-473b-89ea-fe6c26406a8d|name 293|content 293
9416c050-6fff-49d0-abaa-608261cb8e73|name 294|content 294
0b350dc4-295a-48b0-852c-573d0de61618|name 295|content 295
254f6b57-c01f-4b89-9799-fb78f6c594cc|name 296|content 296
f8513c55-1ac6-4170-be3a-b1b2230fadfe|name 297|content 297
a2a60919-26a0-4f35-aeb5-e004dd7ec181|name 298|content 298
72b5d731-8a31-485a-a41c-044904707a08|name 299|content 299
2fe270a0-bbd4-4dcf-ac6f-970cde3779cc|name 300|content 300
b49aab75-c2ea-4079-b7ff-eb8b095f6311|name 301|content 301
13dd287d-d444-4d07-9e5d-1c21f206db17|name 302|content 302
967a3f31-e937-455b-9f40-45f72477dbfe|name 303|content 303
b9547843-395d-47b7-9f53-babd8770fa98|name 304|content 304
7f62ce41-7107-4dcf-b19a-abdaf439e11f|name 305|content 305
1a89ccae-f981-4df3-81fd-2ccfbe29acf2|name 306|content 306
a0c57d7f-76ee-4313-b7fe-d0a7c2ee47cb|name 307|content 307
c5ab6dcb-8041-4c27-baa7-399312c80a2c|name 308|content 308
79e25a9d-b77a-4b49-a41b-dc816b24496d|name 309|content 309
b5904e83-94df-4f9e-8ffe-74564dde47fc|name 310|content 310
6e6339ed-3b20-446b-8e49-51d8eaf6daed|name 311|content 311
7648c116-c0c7-4706-bada-91ee8387a327|name 312|content 312
951dedac-5ceb-4452-8cdf-d83cce42fc73|name 313|content 313
25c19ec6-d896-4d7d-8544-d7ffb25374c6|name 314|content 314
bbe2e582-ffe8-4a33-b8d3-7af24eec145c|name 315|content 315
39b7f716-62a5-475a-bb06-140305b6e264|name 316|content 316
c3f52e05-57b5-41ff-aa56-d12a736146fa|name 317|content 317
5c554d07-2ea0-4e72-ad9e-0dcb16c38fa6|name 318|content 318
41b97021-f60e-4472-8f81-3e5cd5cc5d8f|name 319|content 319
73ae8840-b1a5-4c2f-bb28-c958e936e346|name 320|content 320
f0e17b63-70a0-40ea-8154-92c571bb1c60|name 321|content 321
a02f00f7-d73d-4466-af6d-c0905877fe08|name 322|content 322
afe06dd0-2206-41a9-b821-9597b61dd4f3|name 323|content 323
81754c33-9353-451f-af3a-bd917b2bda40|name 324|content 324
2a238adf-931b-44e8-82d3-4f5d6894162e|name 325|content 325
a90cdfe4-4f69-44ad-9768-bcdc0ea07be6|name 326|content 326
ada04317-32f4-45a9-a095-24c68beecd77|name 327|content 327
df6bd8a0-6a79-4594-8fd4-8765e59a77ac|name 328|content 328
62a50471-a7ee-4ec0-ae3a-fb6683b2d094|name 329|content 329
6f395fe8-4fa7-49b9-bdf0-60359410ab85|name 330|content 330
c4120364-6b19-470d-8316-b41bf28a1fa8|name 331|content 331
3745be1a-997e-48c6-8d7d-cb78a86f2738|name 332|content 332
af2af30a-7c7c-416d-a598-f5b364c4171c|name 333|content 333
84f05ea6-fcab-471e-97dc-1cef475a4bd2|name 334|content 334
8293abfe-d3f4-4b07-9137-d2203151a964|name 335|content 335
97e9ddc1-7c1f-4fa7-b029-e0957910c9d2|name 336|content 336
2ec80153-9d7a-418e-aeb5-1b0dc84bf780|name 337|content 337
79e3e9bf-3c9c-4181-8514-804bd87f9b3a|name 338|content 338
dc50490f-60e2-4236-8823-771a2fe8d626|name 339|content 339
237bb345-bd1b-4774-a8c5-742a8cddac95|name 340|content 340
aaaed924-1286-4ca9-83ba-094c799c25d1|name 341|content 341
dfc643e0-d3a5-40a5-a7d3-d8b6317b59f2|name 342|content 342
1add4051-7e09-4f0d-b28e-7bc8745169d8|name 343|content 343
aea2d6b5-98fd-4ee4-a22b-5c37cc8e52bb|name 344|content 344
1ab8208d-6eb0-46a9-937c-a92fade7a082|name 345|content 345
72ab0037-ce89-48bd-a013-3fa44e1d07ff|name 346|content 346
ef308658-7ff5-4141-9eab-dad9e345f8b4|name 347|content 347
ef65ad64-a6a7-4a2c-b3eb-2b617d04e245|name 348|content 348
be2c9efd-6ada-4072-9a6f-7bfde616f18d|name 349|content 349
6cf84a65-0442-4454-bb1a-6ed459f5cf84|name 350|content 350
19d06e16-d961-4b8e-82c1-8a3bfa1447f6|name 351|content 351
834533ba-07b4-45c8-a795-d3bdcd8dab86|name 352|content 352
d62fcd20-6769-4270-bbf8-00a086870ef9|name 353|content 353
7735ca3d-7578-499a-b041-4988c82ce0b0|name 354|content 354
3d2b3fed-710d-4c30-9c1e-a844621a96a6|name 355|content 355
8e0b248a-726f-49e1-9b0d-b08ce8e0059e|name 356|content 356
d0d8cb9a-4a13-4aaa-8fb2-94d31163d35e|name 357|content 357
72c8bb1f-59fc-480e-82c6-e30c8acb11e2|name 358|content 358
79781eac-11a0-44e8-90b9-cd18a09c2e81|name 359|content 359
05cc3744-c3f1-459d-9903-7891729d7c18|name 360|content 360
8f01ef4b-846e-4522-a118-1708bf3aec02|name 361|content 361
1320df6b-7ed1-424b-a5a3-48bcd8f5c1e7|name 362|content 362
3b1c7c75-9f6c-4e2b-bf9d-616f8c783091|name 363|content 363
9624e862-97ba-4dea-aee2-ecc2cbbf171b|name 364|content 364
cabc36b5-ef8b-48c5-a606-d9647bb31d97|name 365|content 365
f99d1ad7-40bc-4707-8831-435c638ff1c9|name 366|content 366
7d2a3f6d-917f-4447-8112-96df3b6a96db|name 367|content 367
f7464a7d-e389-46ba-900e-6e4d1849db3b|name 368|content 368
f1c45186-14ca-4004-a0a4-b44a97007d30|name 369|content 369
c9122631-51ee-458f-bbc7-e389cb86f3be|name 370|content 370
7a7b356b-f769-488a-a2e7-cc8ef5d6ac74|name 371|content 371
9b93ee08-5b5f-4ae4-8f5f-730d902ce868|name 372|content 372
01928d5d-ec3b-49eb-b718-803c397d64b1|name 373|content 373
bb4472dc-f039-420e-a88b-f742352cb1ec|name 374|content 374
8fe433b3-7ee5-4254-b2f9-56c7dd42b4b3|name 375|content 375
7f8d7846-5976-465d-954e-287f39d878e3|name 376|content 376
743b762a-2232-4d50-896a-51ec358878ed|name 377|content 377
550e3871-107b-4bdc-9067-cde17c034500|name 378|content 378
34f3cf2a-fddf-4a07-bce6-7a2460d6cd1c|name 379|content 379
acdb02ef-1a5c-4673-a1ea-f6b31283d696|name 380|content 380
e5f7e490-66c8-4b62-9807-7c65a9299bec|name 381|content 381
a00527be-da23-40f3-80c3-9dc65c07e06f|name 382|content 382
e25fed9c-7f8f-4092-b72d-83810bab6b2f|name 383|content 383
da8a9175-bd20-4268-905e-5778bb0a751f|name 384|content 384
b808e695-9921-4006-b68a-31190cbd76cc|name 385|content 385
cb9a9450-4559-4953-8a17-0d529339d39f|name 386|content 386
6e854863-0be3-4f0e-b60a-f637d2e36ab1|name 387|content 387
482dd8e2-26bc-4a36-b702-332cc23f30c9|name 388|content 388
f9dc49a0-72d5-4846-a4d2-c9521f15a3be|name 389|content 389
2a5e3fec-b82a-4022-be71-4a96b53a4baf|name 390|content 390
b62eec08-e513-4b9b-9101-0c66abcc3215|name 391|content 391
664a39b9-a71c-40e3-b32c-567f33683e29|name 392|content 392
9e2ecda0-9a34-4097-8f63-0144c530c6d8|name 393|content 393
fbbef59e-13a9-41c7-a8d9-ad0209de623c|name 394|content 394
ea95821f-3247-43d2-8caf-14709b389608|name 395|content 395
6a4507fa-e6ca-4993-81b1-bd8ff2b6d024|name 396|content 396
91ac8a3a-eaac-4275-8fc8-36e474b97bdf|name 397|content 397
e5d3b623-e481-4d35-9f70-74e7de9ec415|name 398|content 398
c01d037f-6a17-47fe-ac78-42a829b9810a|name 399|content 399
32315d76-ad70-460d-b1ee-ba89f53cb272|name 400|content 400
a680c180-5419-4358-9ee0-e761dc16c581|name 401|content 401
5f84ab25-8fce-4aca-8945-bbebb44ede57|name 402|content 402
58b9fdcc-54da-4752-8d51-758ee09ee66b|name 403|content 403
3f2e8367-ff8a-49bd-9859-98aa40a8042c|name 404|content 404
6cebf2b3-1a72-491c-a788-741f0a1b3bce|name 405|content 405
e72646c6-9b3c-4d42-975d-085fdc291f95|name 406|content 406
a5dc7d06-f571-44bd-9ea7-5e7144c04711|name 407|content 407
660293ad-541a-4cba-ac3c-d2ea51bf66ca|name 408|content 408
76307deb-4e16-46ba-b784-b5e40478d39f|name 409|content 409
09c8a357-7dc2-415e-b48e-9375bebe3eb9|name 410|content 410
13bfd017-a995-42d5-b852-e341ce9079e4|name 411|content 411
e97e1f09-973c-41d8-9368-303aa4eb7dce|name 412|content 412
f3f6044e-a231-4327-a247-8e8bd3d2a2f8|name 413|content 413
e7f34046-0fc9-48d4-bdc7-a0e096b43ca9|name 414|content 414
e98ccdc8-46c3-44a8-b69f-898f7bc9a65f|name 415|content 415
30c264a7-c84f-4e42-8260-df281b4ae920|name 416|content 416
790fcfe2-3082-4b20-8650-13032618448c|name 417|content 417
a2fa4dc4-42ea-4ca0-85ef-2437c7e597d8|name 418|content 418
ac9884e8-427e-417a-9342-4c21fb352648|name 419|content 419
026898ed-5671-4278-ac13-34e1f7a00be0|name 420|content 420
437c16ab-d3d6-45cb-9117-cdb7019be690|name 421|content 421
af4a26c4-3578-4daf-abab-e506aab5192b|name 422|content 422
a8c9c838-fae2-4068-b796-d05afd1de82f|name 423|content 423
a5d8352b-95da-4062-9307-836d0361bf28|name 424|content 424
2e71fafb-f75a-4cc4-98c1-1062ac6dc5ea|name 425|content 425
e8121350-c5ed-421b-ae98-9fdc3c0b9dd7|name 426|content 426
fa304cbe-ded7-4c5c-bc0a-c88ac06b56f6|name 427|content 427
f6c0df95-0680-4441-92f4-6801ea34f210|name 428|content 428
335f7c4c-9943-48f0-a557-9b0a5fb0a0a0|name 429|content 429
c2246c70-31ab-48f9-9758-aa3baad7ec5f|name 430|content 430
e3aa41cb-2a3f-432c-8e18-3fd31d8f68b9|name 431|content 431
080d4109-5966-41a0-a4f6-96e79610fd6b|name 432|content 432
d1541168-db5f-4cb4-9d52-8cee2e0722e6|name 433|content 433
bb2342d2-301f-4f55-9850-6a0bc6db9ea2|name 434|content 434
070302c9-8fd8-48e5-84e1-296b2c210abe|name 435|content 435
c81369b7-2097-49bf-80a5-28384c3ce256|name 436|content 436
6cbc394c-bd17-40f6-bcaf-884b41a1b28e|name 437|content 437
c26e2a63-ff33-4757-83cd-f9e75add3f71|name 438|content 438
0c934708-4ca4-4877-aa54-8565b9525de6|name 439|content 439
535582cf-740a-4b83-8127-e925dbfd0e52|name 440|content 440
580d885b-5226-4bfd-8883-9a817f1a7fe0|name 441|content 441
e510e69b-0778-48b4-8ebe-85ec0d85ac5b|name 442|content 442
87e45819-126d-4718-a83c-096c5aca0772|name 443|content 443
762125e8-8e2f-48ae-af91-6ad93a7a631a|name 444|content 444
6e84202d-d977-44d4-9296-d3e62781603e|name 445|content 445
76a71979-eb70-479f-bf66-68b24b678c59|name 446|content 446
96787f5f-e2bd-4621-bca1-80951aa99673|name 447|content 447
4cc2e112-d569-4032-97e9-def00b6afc93|name 448|content 448
2d285660-8881-43fe-a3af-4589378bba09|name 449|content 449
8b9d6aa3-5799-407e-900d-0e8c7b5a205a|name 450|content 450
4c72c8f6-c6c3-4647-82e7-ac43addd016d|name 451|content 451
09e74d18-2d9a-4fa2-bf95-8ff10a07a8ea|name 452|content 452
3971d13a-90df-458b-933c-ba3afd915b2b|name 453|content 453
5e390028-c010-46e3-9fb0-1582c5b791bf|name 454|content 454
bab924ed-c1c9-42cb-91f9-917cf6285b90|name 455|content 455
b8ce412c-4f37-4fb8-b8bf-259f0172a887|name 456|content 456
b393e4a3-3014-4ac0-a15b-690e567338d7|name 457|content 457
9fce1991-c313-45b8-b53b-2cc6de49e524|name 458|content 458
b1aff486-2095-4a04-ac2e-8f92c51a5a77|name 459|content 459
b45e062f-7cdf-4476-8a51-9dab42686703|name 460|content 460
3e21de45-5fc8-4fc0-893c-7c223f2f8f1e|name 461|content 461
57ed0987-6b80-4c92-8224-54a22d273120|name 462|content 462
15947ab0-c466-4dbd-a8ad-ffa11ae8946f|name 463|content 463
84151746-aa5f-41db-b1dd-4db10e272739|name 464|content 464
937458c2-db0e-4743-b288-262643fd62a8|name 465|content 465
6f1243f8-50ed-4794-9414-eb8e7e69cfd4|name 466|content 466
19dd966b-c84c-4bcd-815a-42bcba56efc4|name 467|content 467
c5a55c4e-4d94-41c8-8264-76df153c4f57|name 468|content 468
919f4e3f-a9de-4fa8-bc77-c6fa4567ba53|name 469|content 469
b23aa9c1-ea88-4a6a-b0d3-c4859072e44f|name 470|content 470
928d6d3b-19a2-4ebe-83cf-7a984d2dcb04|name 471|content 471
a2b7cb6b-acf2-4068-874c-5c46290d0670|name 472|content 472
7f1cc1a9-496c-427a-8391-cb44f2e401eb|name 473|content 473
b9e49f05-9be2-40dd-b1db-ed320d673e76|name 474|content 474
387fb589-e033-4273-8ee7-cee43d113296|name 475|content 475
579492d2-d2a5-485d-975d-7bab68a01f0d|name 476|content 476
17916f8a-261c-4c7e-b4b1-3e29407ee92f|name 477|content 477
60587815-b4bc-44b8-8cac-6fd21119dc4e|name 478|content 478
2ace5649-12c2-4dad-85c0-3691d3a066c1|name 479|content 479
c68e0e79-adc9-44c3-9bce-44c2e00a6a14|name 480|content 480
f8d2cd26-0d2e-421b-b815-c4b6609f0182|name 481|content 481
cee4eec4-7f60-4512-88df-0d7f1a996a0a|name 482|content 482
b2fc04d6-6e44-400f-8628-e5c7ed18cdcc|name 483|content 483
8d597b7d-63b5-4436-8850-309f285fbc30|name 484|content 484
ef767854-4000-4028-b07e-cb6142e37434|name 485|content 485
2ef218cf-719a-4791-92b1-eef17e24c84d|name 486|content 486
e63603e4-07fd-4662-ad38-55d7cb3819d5|name 487|content 487
9b6327a2-b8ce-4dc1-9ab3-67bb20f9ca36|name 488|content 488
146f8a0e-12c2-4b12-b699-53667651fb7e|name 489|content 489
273788ad-9c52-46d8-ba59-138ca16b736f|name 490|content 490
12df8e35-4f7f-484b-8a81-dc668eec940b|name 491|content 491
fbcb545f-78e8-4f8f-97df-1b868368365b|name 492|content 492
71aea83c-bdac-460e-94c6-3a30a288ff15|name 493|content 493
c5b78b4e-fe39-41dd-847c-11284159ab0b|name 494|content 494
339216a0-1053-4f55-8ebd-a362744de44f|name 495|content 495
67007cdd-f907-487e-87fa-7b74cddc8ac6|name 496|content 496
afebc015-4f0c-467a-b438-d48c9d77de2b|name 497|content 497
d265c10c-b70b-4da8-9e1b-eb1aac13b02b|name 498|content 498
b370cddc-3352-4f98-a435-d7dd092a2665|name 499|content 499
b7b52768-9ac1-4505-84fb-0e215ccc1e33|name 500|content 500
b58155c9-6375-4bab-bed7-869012654011|name 501|content 501
bf5fb91b-cb79-4c21-b89b-62d19365e55d|name 502|content 502
0aa140f9-d80d-436f-80e3-d73afa0c7213|name 503|content 503
476545ed-fe70-4b6c-88a8-3f2f1035dc0b|name 504|content 504
964e02c9-31ce-453e-9a5c-3f1681fdcd29|name 505|content 505
ecaad422-5c69-47e1-9d4c-f3fa80520015|name 506|content 506
8486cc45-df6b-40e6-a0f6-d9c206feb31f|name 507|content 507
018a88fd-8d5b-45cd-9238-98982180449c|name 508|content 508
623c4c39-2589-4414-8179-7a2b44ef7976|name 509|content 509
6fefaf2a-7ccf-4851-a76c-a4e079f2de47|name 510|content 510
691e3a97-bd1f-4d8f-b04c-d444a76ca1be|name 511|content 511
8d1f0739-06d9-4a55-ba36-940a45acc7bc|name 512|content 512
d597cc7e-40e1-4b40-9bc9-0a18df316d62|name 513|content 513
bbfe3927-b9fb-4c66-a9c2-75195cb46b55|name 514|content 514
3333ee2f-07c1-4164-89b4-cbdeb9d3ef5e|name 515|content 515
5896ad54-5e5c-4940-ace0-01e509bbc5a4|name 516|content 516
9d9656f3-4630-48d7-b94e-3281878dd769|name 517|content 517
046f2227-6eb2-4ac4-8e89-3f56bc59edc5|name 518|content 518
85582bff-c29c-4d4e-8d2d-6d5b250a4cc1|name 519|content 519
86d2bd75-e24d-4852-acdb-79e542c78df2|name 520|content 520
cdd05662-d85e-4234-9af3-6099a2e66674|name 521|content 521
087b9abb-693a-46e0-89ad-8c07b5a7d8c4|name 522|content 522
b1a2dc82-5ce6-4cd3-a0cd-3bde4d61beba|name 523|content 523
5e2de4da-f006-49c0-9c7c-ae67e9b96237|name 524|content 524
fbebf68b-51b8-43ca-b036-e14daccde248|name 525|content 525
a83ee15c-0e60-49c0-b1e9-62bb0046f93e|name 526|content 526
228d9623-1d2b-475e-9cef-0eed810a7881|name 527|content 527
83b17036-3e9d-4cdb-8732-563914b123af|name 528|content 528
2245cfc1-a54a-4132-ac83-9e414b5a0236|name 529|content 529
507ac3f2-6ccf-4db3-a6f7-ed1699d61ded|name 530|content 530
f9b93fcd-13bc-4b57-89af-fb4bc1de5b1e|name 531|content 531
6b9fb85e-d98d-4fce-98f5-8ad5dfa0a0f9|name 532|content 532
6765bd2c-b651-4f2a-9f62-93d29e46109a|name 533|content 533
be821c9f-5be3-4a12-a13c-b3d4b69817c6|name 534|content 534
e63708f9-7ed3-4451-8f6b-7d1e2b2aacaf|name 535|content 535
1b6d10f6-dc05-432b-9b56-9f41d72ea8eb|name 536|content 536
31711e1d-6616-4766-b321-40b0494cd64c|name 537|content 537
76de5553-e741-4195-9d8f-cf136eb74581|name 538|content 538
9ed6fa65-d650-416b-84fb-efa8e6f5db36|name 539|content 539
c3904e5d-1cd4-4195-a2c3-3a5e624b5020|name 540|content 540
c5f9d745-2fed-4cd9-84cf-34b99815c2a8|name 541|content 541
da58f9c6-3668-4ded-b081-a2a2d6249890|name 542|content 542
859986b1-de65-49dd-8f23-032ce34bd681|name 543|content 543
f960f42a-2a9f-4a84-941d-ee8c98a89461|name 544|content 544
f35ae52f-0c17-4653-a937-9c77c52df095|name 545|content 545
9adc3e23-c970-4b31-806a-d0e12166d17f|name 546|content 546
ca228b23-8dbf-4296-a352-6889dff4b4c0|name 547|content 547
3bed0730-2cad-47d8-80d4-4b1c641befe1|name 548|content 548
a1e718bd-3ea7-46b9-9585-220417685624|name 549|content 549
400ad71f-8dd6-4c00-81f3-64d5a0c6cf21|name 550|content 550
0ba10dbf-cc7c-4d29-81ce-56dceed5b213|name 551|content 551
20260fd9-daef-4fb7-93dc-c4c0d86bce62|name 552|content 552
ff263b8a-0dd1-4bae-ad9d-d4295ad3522d|name 553|content 553
207e9fb5-53f3-43ab-99a9-2c9d77120328|name 554|content 554
72c398f3-36ec-4c44-8c26-187a7dc05d4c|name 555|content 555
f7106399-d089-408c-b8a3-808fbe7b6a77|name 556|content 556
6c9151b2-b8c6-4a16-b3e1-6be4da9dd104|name 557|content 557
da0f3db2-1c3c-451c-9df2-a0fa4dace3e5|name 558|content 558
ff00e848-0af4-4b02-ae31-ec4fc2d9ddaf|name 559|content 559
ff98c983-4d22-4676-853d-c332a964e5ec|name 560|content 560
f0f6a608-0e23-4425-9a91-978efec1628a|name 561|content 561
3b91f24f-5bda-41ee-929b-653554f9dcd0|name 562|content 562
d9a6bb10-cfea-4a3b-b707-eb917279586e|name 563|content 563
9897cc55-6704-4037-ac59-4683904b34a7|name 564|content 564
bd8efbb2-5d1c-43b1-8208-0cbe5d299945|name 565|content 565
064a9b19-ee92-40b7-9018-07a4986cbd11|name 566|content 566
80cb65e0-3d8e-49bb-9f3c-e9920a61ec0d|name 567|content 567
ea027087-8a46-49b2-91b5-e6faaa4a1405|name 568|content 568
43b98e00-5273-466e-98d6-3119fc031e58|name 569|content 569
f27698c9-9c62-42e5-b914-3bd281b56927|name 570|content 570
3eccdb8a-8b94-446b-8509-f8cf2c715c49|name 571|content 571
89de1a39-a9eb-4f0d-a54f-1587bd39309d|name 572|content 572
c1c3184d-be1d-44ec-9913-a277e54db14f|name 573|content 573
720b0e87-f3d4-4770-b251-999fc1aee876|name 574|content 574
c613f063-ff72-4aef-b020-ba9aebbb5902|name 575|content 575
08fbe320-c7ad-423c-ac89-d15b21e91805|name 576|content 576
80f8210a-d2b7-425c-8714-3a07e4938013|name 577|content 577
82d0517d-ea85-42cb-8625-60666f2626e3|name 578|content 578
d968b04a-6556-4f47-b53a-f8bbeb5f6fa2|name 579|content 579
1634344f-e91f-4eec-8c49-6ac005286c05|name 580|content 580
aec53929-ff79-4a75-8127-ec1713964878|name 581|content 581
70612a5f-0631-4c0a-b095-59245a716cdf|name 582|content 582
35cda3ea-c20d-47b2-ba0a-69ee93484fe7|name 583|content 583
8bdd90bf-823b-4ede-bd73-b2f2c9de139d|name 584|content 584
80fd847c-c198-4c44-976c-4f2ee0bc3ede|name 585|content 585
fbd4e37b-fcd0-4ace-87e8-8a24ee6fb838|name 586|content 586
ceeb3c56-0950-485f-aacd-9fe55bd87e13|name 587|content 587
ef9f3203-b7fc-46fe-a37b-af9b6f1b66f0|name 588|content 588
a4267ac8-c59c-4f78-94f8-89c60bfc84ba|name 589|content 589
b1db9057-c4eb-4fc4-be9d-5704d5de8314|name 590|content 590
634e5392-226e-435c-909e-d1bcf0bc3b05|name 591|content 591
8ca4c831-461e-43ab-a556-7e51c7d2ee03|name 592|content 592
47851170-e347-4f53-99f8-b40e77ebb614|name 593|content 593
ae8903aa-ca90-4e4b-bdbc-7fc5ee8673d2|name 594|content 594
14d1a160-257c-47f9-aa61-fdce62e89e7e|name 595|content 595
f6d7e425-b12b-416e-bae5-26b8f464a91e|name 596|content 596
995e6ca0-77bd-4c45-a7db-b4af288ecaec|name 597|content 597
d72d50ae-3893-4960-b74a-59d4b6c53ad8|name 598|content 598
034e82a8-c1ea-4b06-97bf-69a316a1ea73|name 599|content 599
52a4bb78-7b3c-425f-a3b1-ce141baa5107|name 600|content 600
4d27252b-effa-467c-aa41-ffe016a7488e|name 601|content 601
316d99b9-4db7-40e0-b70a-c71a88f06cc2|name 602|content 602
d359300f-d889-4857-a93f-24a563f138cc|name 603|content 603
64f77dfd-a730-4bab-8762-8eb5404420ac|name 604|content 604
287d6125-54aa-4084-a33c-f4c3202f51b7|name 605|content 605
b3c30c7f-2ec2-4d90-b7dd-ace858d480fd|name 606|content 606
934fe013-f7a2-4433-a577-8bd17050387b|name 607|content 607
25b810c3-0ff7-49e1-934c-1c632bd865e6|name 608|content 608
1ef4a87f-1ba6-432e-8745-e539fec81298|name 609|content 609
14745b8e-7e00-4b6d-ba2f-82975b183852|name 610|content 610
2aa2d97f-529e-4e56-a7fc-552ad5d63a8a|name 611|content 611
f02906aa-ab90-425a-b628-0191a776254e|name 612|content 612
bc48e249-2c10-41a4-b139-d0cf13917035|name 613|content 613
91f0b263-5a9d-4b47-b02f-040f256dfe9d|name 614|content 614
e0dff2e1-34a3-42be-a128-65f5ba3d9727|name 615|content 615
f0747304-7c5a-4b33-a1d4-c702a710d42c|name 616|content 616
e7c1ee22-f172-4a6f-9353-44eb9d85345e|name 617|content 617
cbe5024a-90cd-4921-acf6-e5e59055864c|name 618|content 618
562d383f-3ffc-4f42-8f83-8d5235a5b189|name 619|content 619
309f9ffe-300c-4ba0-8288-f0a61c47dca4|name 620|content 620
43aa66a2-18cb-49cf-89fc-e8b40e55f006|name 621|content 621
3d1705a9-9a59-47fe-9b2b-c66d8bdd6081|name 622|content 622
c9ada3c9-54eb-42ec-92ae-346ce14afd03|name 623|content 623
d3877a24-7703-492c-a3d1-09b52ac4408c|name 624|content 624
19990780-535e-44aa-8d94-c3a66fcde887|name 625|content 625
b55bba27-fad8-40c0-a71d-2b19ce8a21c4|name 626|content 626
f5be6d98-cd87-4098-8b27-f5138ccbd1f8|name 627|content 627
8caf44b8-42c0-4a54-874a-67065367956a|name 628|content 628
df1cded1-beb3-4575-82d1-3e74af6f42fb|name 629|content 629
33f603b5-2e90-41ac-ace1-52ffd50b3a10|name 630|content 630
e21e0e44-8c0e-4d39-8f32-55b5e7108cdc|name 631|content 631
adae3fba-4d8d-47d1-8cac-b4239727cb54|name 632|content 632
7166dc19-e141-4a32-af4d-c3207b9254de|name 633|content 633
6720aafe-b1db-4f57-b657-b86f7d552a0d|name 634|content 634
4aad130d-3fe1-4e15-a46e-2bfadaeb1236|name 635|content 635
9578ee0e-7e5b-462b-b9a5-39b105503d5f|name 636|content 636
14bb2e15-21dc-46a2-bf20-36233769f92a|name 637|content 637
813425ce-5929-4f93-a3fd-fad9b8597eeb|name 638|content 638
73db4c03-75b6-4721-a25a-e1fe50735767|name 639|content 639
d171bdd4-33e0-4b04-a308-6b3956010ddc|name 640|content 640
56aed1d9-86a4-4bfc-b702-c9e1f803fcb7|name 641|content 641
a483b546-2586-40d6-9cf1-6621deb7f6ab|name 642|content 642
94e1bcc3-0f0e-46de-b07d-38bcdf783ebf|name 643|content 643
086051e4-b4aa-42b1-b2a5-6b66138cd8ac|name 644|content 644
79751d66-2c96-4fdc-82be-1060bcbab9bd|name 645|content 645
d3c73ccb-2b11-47ec-b0df-659e49a47f62|name 646|content 646
01d0f1e0-d2db-4a5f-a4d2-8ca1a404a224|name 647|content 647
19bece1e-2eac-4e85-a996-3f08e2c00d69|name 648|content 648
f88797e8-f718-45af-a8ec-b8e9b3593949|name 649|content 649
72992639-4fe5-49e6-a6ed-9718c1e927cd|name 650|content 650
63ec51de-d844-4069-b399-81f86d112674|name 651|content 651
d53f2c42-bb38-4485-b0ab-13ebca20cdcc|name 652|content 652
c12bffbc-5f55-4438-9123-b009a079a62e|name 653|content 653
5a94e11f-850a-46e2-9a50-ef19bf87a821|name 654|content 654
3ab87ef3-630c-4b22-8ad6-94906b438a2c|name 655|content 655
e7736d22-60a0-4772-a2b4-b8667825f4e5|name 656|content 656
e8712f92-880a-4bf4-858d-a8a4e19b60b2|name 657|content 657
3bee7a84-fabd-4602-9380-25350baf8bae|name 658|content 658
8d9c41ca-09b3-467f-92e1-8ccf6abd6513|name 659|content 659
972eb2db-9e81-451c-94a5-2251c7b1272b|name 660|content 660
60554986-0834-4143-9405-1656466eb982|name 661|content 661
2a32155d-4c71-4c97-b3d5-067786f54063|name 662|content 662
f18fac85-2fdf-404e-b008-20937c7343b5|name 663|content 663
bd0f9896-833b-4e45-bb36-8ecb85bfac5f|name 664|content 664
abfa58dc-d15e-438f-9619-c8ad21972d0c|name 665|content 665
13a43ab8-5de3-419b-93af-7023c2bdef8c|name 666|content 666
0ea10b45-cd6d-4a7c-aaeb-d600e93550fd|name 667|content 667
c2c01977-ec0d-48c5-a2a1-77f5df774dc6|name 668|content 668
527a9ce9-c6ac-46bd-a214-3cd2d58960b1|name 669|content 669
50b2e3d5-3334-4260-b265-278a29a205f7|name 670|content 670
8d949190-5fda-4e44-add8-de2d3a098b20|name 671|content 671
0740729d-d900-4295-8a0f-e602b1fedf9b|name 672|content 672
bed1234e-d9d8-47d7-8fa6-e84e772cc3ce|name 673|content 673
4e693358-fb67-4072-ac83-b5b29e6b6bc5|name 674|content 674
2ee9a450-79a3-4534-bd5f-d35d7471ad61|name 675|content 675
a6516903-c389-4749-a494-7e072a44e40c|name 676|content 676
60a72a26-351f-4168-8508-8e8a94ef8af8|name 677|content 677
e63554ad-4fec-4795-89df-24b15d857dcf|name 678|content 678
e9fe3289-eebe-4040-9a42-7a8dcf50faf7|name 679|content 679
17f8b62d-bd87-44dc-a04c-43de746e60a4|name 680|content 680
0e1a4848-481f-4c1a-aba6-5e4937a23893|name 681|content 681
c065f999-b62a-4a0e-804f-46c346df5308|name 682|content 682
af3e54ba-6f1c-4b73-b80f-bc3670fb3f40|name 683|content 683
083641e6-6d54-40b7-b4f6-ea2b5fa4abb9|name 684|content 684
ea81c18a-154e-4b19-92fb-59342cb845f1|name 685|content 685
606ed290-4a4e-432b-b7a4-c8adde8c8ea6|name 686|content 686
49972fcd-818a-4cee-919f-8cc5181287e2|name 687|content 687
f85b5eac-6f49-4373-9b16-9a477d0938f9|name 688|content 688
b2032a4c-dde7-4d44-a2fc-93ee70554e75|name 689|content 689
b237020c-5098-425e-8694-e6a9bd420a86|name 690|content 690
e287ee70-cd9b-4d2c-858a-c0869fdf0f75|name 691|content 691
7c1ed966-9dc7-4fbf-bf5e-cfc7a2dddb3c|name 692|content 692
595e59ad-1a87-4fa4-8a5a-c442c87a0143|name 693|content 693
d4f2249c-1c4e-4b29-89b7-37883e82dd16|name 694|content 694
47647378-d468-40bb-a4fe-0a9655ac7a14|name 695|content 695
b4f74f27-1b81-4e77-8221-dc550ea0f43f|name 696|content 696
9d5a6a0c-6e3d-43b0-973a-f31fc1e38fb5|name 697|content 697
23f86f24-6c5e-45e5-ad42-d5a32f292719|name 698|content 698
e91152de-a28c-4648-9cd7-2e51a63aacf4|name 699|content 699
116d7e8a-a003-49ac-ae7b-f43b0a847565|name 700|content 700
5d757aa0-b52b-4b0c-9852-ada8da60a2b4|name 701|content 701
1d2c14c3-a3be-494c-9bf9-fe90b565b8e0|name 702|content 702
2790b7e4-6c12-4dd5-8962-acefa9087611|name 703|content 703
bd087987-1013-47a1-b33e-9905c126ee72|name 704|content 704
0183d0c7-3508-4149-911f-b2594a47522d|name 705|content 705
5ba46bff-0de2-4212-bc49-6819d66fdc4c|name 706|content 706
0d0406e6-a88b-494d-8a9d-4e176e2de56b|name 707|content 707
974fc0c2-3917-4126-872c-26f0c0af6475|name 708|content 708
dceccf66-0292-47c8-9694-fca2497658d2|name 709|content 709
f3fd82e8-0e50-4481-85b9-c8b6f3cab1ce|name 710|content 710
b2834384-0774-4485-80ca-7c3eb35c470c|name 711|content 711
7a562381-c19d-433b-9cf0-93dc4fcf921c|name 712|content 712
6c989529-b589-42b5-b1f0-b543bf3bf89b|name 713|content 713
6319c947-c6a5-4167-b1fa-c22f6e04825d|name 714|content 714
1d577b80-7d3e-49da-bda4-693f7bafefab|name 715|content 715
4f523e88-3517-4b2f-ad0d-1ce185b94af5|name 716|content 716
f6c0b931-d67a-47f6-a7d6-6f0c75e90492|name 717|content 717
e8462b9b-4965-478f-b755-a5f29987cc1c|name 718|content 718
54e899fa-9059-40f4-9c44-39bd34c5aca4|name 719|content 719
8e2876d2-4658-421b-b30c-b13c3e4fadc4|name 720|content 720
7440e9e9-d988-4ed6-8757-e45a90909027|name 721|content 721
5d2882c5-f599-4319-8745-97a7c01d25a3|name 722|content 722
dedad462-4b35-4d53-ada1-caf50deff5ad|name 723|content 723
bc3743e7-796d-430d-8d37-47a53ccb66b8|name 724|content 724
01650a09-b4f0-4fa9-9438-c60fabdbf038|name 725|content 725
4095c392-42cd-4141-aa8e-b5a11a3bad66|name 726|content 726
f384623e-ff88-4784-9da6-6d209497233f|name 727|content 727
e6da5815-1955-4b21-83a8-681646f8abf0|name 728|content 728
2050ed9a-8058-4e28-8654-78824fefa3d7|name 729|content 729
ec324a47-de66-419c-b80e-98b7141152db|name 730|content 730
e3eb3d5f-bcb2-48db-8801-c509a65d2ea4|name 731|content 731
d0bb8fe2-f391-4ea3-8681-13b5ad746b44|name 732|content 732
98797f13-839e-4583-8979-23609d31975b|name 733|content 733
9e711a92-2726-454a-a4a6-54a961535fab|name 734|content 734
677de98c-6090-4b00-804a-336eecb27aae|name 735|content 735
35fa5a64-33ba-4f43-95ac-3ec5742c9e71|name 736|content 736
71b19479-0d71-486a-97c8-41f9325c19ea|name 737|content 737
c7a30ade-7b88-42d9-b375-08b1002d6638|name 738|content 738
e5b676e5-e9e2-41f1-a70a-9d9f0a9857ab|name 739|content 739
1da5fdb9-bbad-4ede-80b2-494971750a82|name 740|content 740
6d68f283-e2c0-4307-99d4-dd44a2482ef6|name 741|content 741
a02d214c-248f-488d-b138-7d240867644c|name 742|content 742
665e9f57-040d-4c40-b819-ef516d516adc|name 743|content 743
055f0d69-53d3-4058-93c2-41859fc0139e|name 744|content 744
4e414928-fcde-4039-a5c1-da32ad65da72|name 745|content 745
3872ff70-2b0d-4435-a04b-541cbb9c21f2|name 746|content 746
48b52b73-8441-4daa-8730-314c9be17f45|name 747|content 747
5f1f6df4-1be6-4638-a368-288fe6c70f93|name 748|content 748
e70bca74-9b13-4f4b-b76d-caff9263b0b9|name 749|content 749
37332783-bb18-460e-ad38-3158c0384f0d|name 750|content 750
cf2a31a0-54e7-4d08-8121-93003c953a6f|name 751|content 751
ecdc7da2-8813-4694-9478-6f3d965a80b6|name 752|content 752
47c3342a-3bbc-4e7f-9ce0-78869bca9c31|name 753|content 753
72849eec-1874-4442-ac06-61ec77bef2f7|name 754|content 754
eba5a33f-47e8-4150-accb-4b69ca685c49|name 755|content 755
e6edbc58-58b8-46d5-9aa8-6d3018c9d7c3|name 756|content 756
9cb02bbe-9fb8-4f1f-bf3d-5ce51b7e8e2d|name 757|content 757
8c580e37-8e01-40d0-9d00-32abc78645a1|name 758|content 758
03c6e335-b513-4aba-9948-ca255a19e2a1|name 759|content 759
bbf437f8-fb86-4e00-a67b-9ec25c2f9654|name 760|content 760
36d21b44-f9f9-445e-8309-90695d35f0d4|name 761|content 761
6217bad5-18e2-4b65-a305-780285cf34a6|name 762|content 762
220613c5-b6e3-4e8f-8d5f-80f12f3e8824|name 763|content 763
1287bddf-27b0-40ea-abef-da793bdc66e9|name 764|content 764
24e58c40-2893-42fa-aa0c-3d80b15cdab0|name 765|content 765
029e7476-8bbe-4d2d-af3a-bd6d2f23b3d1|name 766|content 766
e1d61d6c-8c11-466e-b47e-9353afecd0fc|name 767|content 767
43784630-9ec8-4fc3-bc39-bdaf23a1d801|name 768|content 768
afae869e-e035-4ed7-b51f-b823603e0f66|name 769|content 769
87c5a2b4-0aea-42b3-9ea0-dc3be8d6a124|name 770|content 770
7431a710-a6fb-446f-9d71-fbb288f3b331|name 771|content 771
3cc72a43-cff1-454c-8dac-1366420d45d0|name 772|content 772
f98b84f4-3c5f-4ec8-a2cd-a1f0a1f0d056|name 773|content 773
f9d6a9ba-d072-45eb-beb2-10d8768a8a01|name 774|content 774
58cc059c-3ac1-43e6-9cfd-baac60307a07|name 775|content 775
44b2bc45-c2b2-4a05-93b4-2d8f765315dd|name 776|content 776
c0e25489-5610-46ef-b860-dbb65cbc8ffe|name 777|content 777
52417d9b-9fe2-4705-8681-0904c186dfd4|name 778|content 778
bbae6452-dfb0-473f-a4dc-4a2d8808d3e1|name 779|content 779
36507c5c-1702-4349-99f8-7fa5b644275a|name 780|content 780
54e77161-379d-4a4b-80f4-55a30f666c91|name 781|content 781
e99e383c-5782-4720-8c30-4f69e04cc3a4|name 782|content 782
7608278b-d365-4c54-b6d0-5b3251ef3a36|name 783|content 783
1dc05357-4af7-48c2-85d5-f8540eb835c9|name 784|content 784
a937085a-1e75-4ffa-b75c-ec58b8abf4b6|name 785|content 785
168a6f71-7cfc-4115-9494-b5f80c3f3e4d|name 786|content 786
136bee98-05fc-4f72-a9d1-5af5b7ff11d9|name 787|content 787
1d924047-211b-4b99-a644-94aef8099df5|name 788|content 788
8402af77-0f24-4f85-bc26-2a1e1b3cebe3|name 789|content 789
7dd0b42a-bfdd-4445-ace2-3a8e6c57ca15|name 790|content 790
0f3ff5d5-82a9-4ddc-8aeb-738635a01b78|name 791|content 791
cce4d396-e8b7-4544-85cb-f83c8d1537b5|name 792|content 792
5b80deb0-49d3-4ab0-90ee-ac7b33f4e7ec|name 793|content 793
b561dbe0-7821-4878-828a-7ea429fb2e39|name 794|content 794
48d0aefa-aece-42dd-b10f-c9655d856259|name 795|content 795
51adc9e9-8641-4053-b67f-50e4e05ed93e|name 796|content 796
ef86754e-78f4-46fb-8e1f-8cfcafa6b88b|name 797|content 797
1e619f07-1bac-4da3-a899-71a437c1a536|name 798|content 798
0c1ce48e-dbde-4bc9-bb15-6fff5d382acf|name 799|content 799
b31591fd-8d76-4529-8909-a6702a4c9e04|name 800|content 800
fd1385dd-4077-40da-91a9-6342f59903fd|name 801|content 801
138d88af-e40f-4db1-ac94-e8961f761424|name 802|content 802
07c913e8-b9c8-480e-9cbc-f1405a121d5d|name 803|content 803
d88d6718-949d-4fe2-8410-a3551e9a9361|name 804|content 804
f764de64-aa6e-4f58-9cce-bab05aeaed45|name 805|content 805
9ca1acac-fbea-496e-945d-5bea5d392ca9|name 806|content 806
1ab025f5-1743-47d8-81a4-e0a70f383075|name 807|content 807
40d94223-a6fc-4772-bafc-58c976b28c53|name 808|content 808
d99b8105-217c-4d8e-a9db-247a545983bb|name 809|content 809
5bf3f568-13f3-43ee-ad10-8dc7a5bd765b|name 810|content 810
a82982b5-4b6b-4f42-96f5-ba8799400254|name 811|content 811
4b13c825-1d37-48de-9829-422a33223e88|name 812|content 812
d7702106-35da-4fc6-b487-ae64e46bfb4c|name 813|content 813
2983a578-adcc-4300-bfd0-96a011e54522|name 814|content 814
fbca1116-fdad-403d-acc3-04a62dc54571|name 815|content 815
c43dc584-3f30-4c39-b824-7b1aa4d2ae38|name 816|content 816
8e464575-2585-4ece-bd45-b98fb73b0644|name 817|content 817
a51be2e0-4ec1-42f5-a486-d10607a6fdb6|name 818|content 818
51fa5d1d-cd59-419d-a0f9-cc87e13db44b|name 819|content 819
ddd8a20a-18f6-4432-897c-f1beb726dee4|name 820|content 820
8da25c8a-9e0c-463b-aa7c-3b943cbdfbc5|name 821|content 821
8c25316b-09a0-450b-97fa-7107a23eb823|name 822|content 822
322e67e7-5796-45c9-8a55-19d35573d135|name 823|content 823
3b4b4650-a7ae-4e54-a21d-034c2155fcf5|name 824|content 824
ab015701-eba6-4bf6-9536-d487169ddb52|name 825|content 825
b1f57e92-13fe-4873-970a-c48eff44c94b|name 826|content 826
b2c3e4c7-5987-4fd7-ab47-9e5efbc47dea|name 827|content 827
4e274681-1635-4996-8f8e-aa47b160836c|name 828|content 828
be9cbc60-5730-42f3-9281-2543258bc861|name 829|content 829
90202378-b4b8-4371-b59e-45e8782cb640|name 830|content 830
e8c6c27f-bf1b-49bb-aa40-194e7ed7d46f|name 831|content 831
ade3e130-e433-412a-851c-cc9b15fa0770|name 832|content 832
23c50dce-5e4c-4eb0-bcbb-db3e7260474e|name 833|content 833
a8d6f131-8419-4794-aa48-9cfb55c18477|name 834|content 834
71af11af-4de4-4772-a55c-84acfa138035|name 835|content 835
fdc26b36-4948-43ed-8799-41b75917f0ff|name 836|content 836
428c5dfe-f8c1-4d5b-8c5d-9d813ff20ffd|name 837|content 837
b0c9e079-088b-4042-8d6f-8a1ba9e33e98|name 838|content 838
58d160fa-577f-4c78-8de7-66db31e2d765|name 839|content 839
484c92b4-038f-4710-9cc7-8996eddba64e|name 840|content 840
1109b3c8-5be3-4f40-840d-f474b05f89df|name 841|content 841
3407812e-05cb-439f-8949-555392605773|name 842|content 842
0c28be28-faec-4d3c-95a1-cf0c6004ed56|name 843|content 843
5fb8fa43-a3ba-4196-925f-bf330241b236|name 844|content 844
31f76306-920d-4495-a6cb-0f8a36ef728f|name 845|content 845
37d94f2e-ad2a-4c01-ac39-60f52109d2bb|name 846|content 846
99ed088b-d4a0-438e-b611-a298a6343672|name 847|content 847
a7d18786-1d45-420f-967e-6bf6971c6351|name 848|content 848
4d7529fa-4d7b-4d1f-aa02-dc13093787fe|name 849|content 849
a721cec4-13c6-4637-b598-282d8aa15a7c|name 850|content 850
768b5886-372e-4a9f-9f68-64f0cbf5b091|name 851|content 851
b768ca69-03d6-42af-a3e9-5e7a6f6adfce|name 852|content 852
78e05a1b-33ce-4ea0-94aa-3ebfedc116ce|name 853|content 853
9fcca4ba-8129-4b8f-8521-c87639f86617|name 854|content 854
93db5946-4d9c-42c4-a30f-dc4a711d353b|name 855|content 855
c69b03c6-c21c-4578-a5d4-35ff76aae1c2|name 856|content 856
c3439979-9ebd-4cf9-8ef3-17fa52e24cd8|name 857|content 857
36e0a5bc-f56c-4922-975a-70ffce7d2f9d|name 858|content 858
af507344-06e2-4a8b-8682-ccd3b921d3be|name 859|content 859
4178f3f6-6cf3-4055-94f6-ce9eebde7631|name 860|content 860
720db5e2-23ce-4eca-90c3-4eb01730d828|name 861|content 861
27717012-c36e-4ec0-b1c2-694bf1aee3cf|name 862|content 862
f2121a43-dff1-423d-8f45-cd6cc41a6a5f|name 863|content 863
7cd65cd3-07df-47bf-b256-60c54fde8d64|name 864|content 864
393c295c-beab-4c30-9790-5700547306f1|name 865|content 865
71127d38-ff99-4f60-aeb4-98c77a3d9cd7|name 866|content 866
c05f767b-fdfe-4c01-9a88-d3d528ce596f|name 867|content 867
3b3113b4-37a6-41ec-9f2d-da87d480d0b9|name 868|content 868
de27727c-4e3f-4570-bb37-047c5bba8343|name 869|content 869
b90594cc-e8f4-425e-b2fa-6e41209daed4|name 870|content 870
7be28a8f-edb8-4322-a5a8-222e1042158e|name 871|content 871
ab5e1d55-0532-47ab-b532-1e25f5b59633|name 872|content 872
4c0d22bb-c2ca-4efc-9737-0305b5d31725|name 873|content 873
bc0855cd-9fde-4456-9221-baf0b94bc714|name 874|content 874
7d9661ba-bb69-4a10-8604-d1dc5a9cb1f9|name 875|content 875
92454e54-24c0-4b6e-bd9b-c3a112e4cb61|name 876|content 876
e8cb0beb-e452-48d9-b81b-c60bc5348886|name 877|content 877
ad7805f3-902a-4983-bf99-3acaa7aff5b1|name 878|content 878
ea853794-7599-4de8-951f-57764a0768c4|name 879|content 879
a93fb3c1-69ef-430a-9b16-eefdfca38a5e|name 880|content 880
e83f9dca-23ed-4531-bf59-7c52c9c91d4b|name 881|content 881
56f01b65-90da-40cf-be17-dcde543b29d0|name 882|content 882
181ae434-eb94-4810-8c2d-cc5d74282e99|name 883|content 883
65ac7213-3095-4476-9092-780426a73728|name 884|content 884
f7cead6b-4025-47a0-99ec-ef46b5fc7a28|name 885|content 885
80001915-170d-42cd-a3c2-1b3e7893a079|name 886|content 886
0ad7cf2a-4877-43d9-b2e2-474f97d76659|name 887|content 887
422cb63e-97aa-48da-abd8-8ddbf502cd55|name 888|content 888
2548fdb7-c722-4785-9922-ef77df041f67|name 889|content 889
d091507c-99bd-4e9a-96b1-6cbc3462e9d7|name 890|content 890
a1173d13-c3f3-4da6-bf1c-75deeb29ed93|name 891|content 891
555765db-2664-4b0d-b01b-1451f24b07fc|name 892|content 892
33476eac-69ca-47ac-9d22-1fa2a132027d|name 893|content 893
b4888e77-caad-416e-bb1b-aa0716adda33|name 894|content 894
9d220dc7-61af-46cd-a4fa-29f25c232b23|name 895|content 895
eff6f936-6590-4efb-ab10-ee48c953e564|name 896|content 896
4c441729-65e9-4a11-8861-0ffcf043bd22|name 897|content 897
471af164-21ba-4b0a-981e-9803d976a157|name 898|content 898
37ea34a1-5f4c-4a47-9871-4b7ab89b7397|name 899|content 899
e440d659-02ed-4efe-a7fd-781b829fef2a|name 900|content 900
5553f119-2d0a-4fb0-a221-d8e75695ee9a|name 901|content 901
c60f8123-23e4-485a-8bc0-b7ffab679663|name 902|content 902
02a9bd89-851b-4058-91b4-15f71a5a94b8|name 903|content 903
45589b0c-b4a9-45c2-bbdc-125eaa5562f5|name 904|content 904
5a9d3686-55eb-405c-bd86-5282dfcb21bc|name 905|content 905
d23bf518-96ef-4617-9530-31a7edfd8c00|name 906|content 906
f789dc26-c2a3-44ad-a52c-e720adf5638a|name 907|content 907
2746477a-684c-4f99-afd6-7b1161902bb5|name 908|content 908
1c09e68a-99f0-4568-bbc1-d384ef3d4e97|name 909|content 909
31e84376-d89b-4b7c-a8ef-c7210850be38|name 910|content 910
b93ade27-4057-42c2-a90f-70895325c82c|name 911|content 911
37cdd51f-5174-4593-ac1e-033997b7ef0b|name 912|content 912
9ba8c972-fa37-468c-9dec-60813e0d3541|name 913|content 913
0bef440d-8d16-4a4e-85dd-76fa54f73011|name 914|content 914
a0277352-92e4-4600-ad9f-e7a114d0bb20|name 915|content 915
9c0b963d-1553-488b-aa32-5ac96b9a85d6|name 916|content 916
c014eaa5-f44a-41ac-bdea-656444fcbd55|name 917|content 917
aa453c3d-1992-4a64-b11a-eeea1b138115|name 918|content 918
40cb6638-95c9-40c8-8977-835a94f29ff8|name 919|content 919
6d25de25-22f6-4aa0-a0ca-7562c7292b4e|name 920|content 920
d1ae9144-85c8-4842-8e8d-16422ec3c2f3|name 921|content 921
9dc9e505-0edb-4a5d-986a-13c677fd8f35|name 922|content 922
97533343-d664-4c6a-a9ad-c741b96ae29a|name 923|content 923
cdbe4f77-e17f-4d3d-917d-3115ff92e9a7|name 924|content 924
a7a72d96-f7c3-4f09-afeb-91eec0126244|name 925|content 925
81b1a5a9-3ac7-4503-94cf-9ac3de6d7e64|name 926|content 926
1eef28c9-4de7-4932-b26f-a6df3f003c23|name 927|content 927
3d77bafa-8569-4fb5-949d-5b357108a870|name 928|content 928
44c819a5-3275-47d9-84cb-f44c031125c6|name 929|content 929
6b0757ae-6bdd-49b8-8e5b-0c9d31f7e548|name 930|content 930
2b748244-bd16-4047-b5ae-f55e453d7b6c|name 931|content 931
0ad65b04-a967-4de5-896a-4c78bc3b851c|name 932|content 932
fd203879-4ddd-4399-a3c7-60e1648d8b4a|name 933|content 933
18ddc4c5-229f-4a73-9ead-d6591085a18b|name 934|content 934
76df1d69-d70c-4024-b18f-ec513df877a9|name 935|content 935
bf4dd8ef-6068-4be4-812c-2203988dcf51|name 936|content 936
749df69d-b427-412f-ae20-9b115e3b52a5|name 937|content 937
a466775f-c420-4e81-b6c5-f3a466023932|name 938|content 938
a663b439-28af-4125-9e4d-dd8653293383|name 939|content 939
c6c17f3d-2937-4ea7-a762-f181ce9e1b11|name 940|content 940
24773f0b-2585-4e30-bdb5-80bc638c2d9c|name 941|content 941
85db0cd9-472d-4163-a8aa-a096808f6c23|name 942|content 942
f57a25df-389a-4ff1-8254-5d45e5b07ec0|name 943|content 943
3cfc725d-4684-41b3-b1f8-ea80ed5e99c8|name 944|content 944
7eb1eeb3-fa84-4105-afc3-7f831bc110cc|name 945|content 945
5221e426-8f22-470a-a542-087c5352ea52|name 946|content 946
bbde63a8-b2d1-4461-be43-f54de9843be6|name 947|content 947
ed8e71a2-c925-49fd-b851-4412da7f3a9f|name 948|content 948
4e703ca6-8ee8-4804-9f17-1b8b13115c4f|name 949|content 949
57c86ba1-7c27-4184-8a2c-dae3db11d1f0|name 950|content 950
e195097d-3613-4f6f-bdcf-6bd3156c51f6|name 951|content 951
799f3b58-a4f1-48d4-9bfe-6bea82a1089f|name 952|content 952
5163338f-15d3-48de-b2d6-4313ef25c52a|name 953|content 953
b5582e72-8732-426e-8f59-4752e83c3af1|name 954|content 954
7759056b-4229-4f6d-8bdc-e99887dd4f83|name 955|content 955
a56ee730-4479-4b7f-9068-e4dfad03bf32|name 956|content 956
bf341b84-9fec-4a09-ba13-0078b014abdd|name 957|content 957
d1a2591c-76db-4fc7-ae8c-19cbfcf1d34d|name 958|content 958
78fbd695-0391-43d4-b2c6-064289121e50|name 959|content 959
42011e4c-87cc-4403-9275-4843984cf9cc|name 960|content 960
caf1f6c5-b62f-49b7-ba2a-bf8e6eb8d9e6|name 961|content 961
a085f4f3-3810-4266-99ac-208ba83732cb|name 962|content 962
7b338c7a-8e0f-48bf-8e13-fba0bbab0419|name 963|content 963
bf2e2d5f-8a4c-4641-8db3-48f041f7a787|name 964|content 964
9db90773-4c7e-4fcf-8805-1746eea76799|name 965|content 965
2332225f-264d-4cce-8f93-c33bd0241fd2|name 966|content 966
0adaacd1-b255-4e2e-b537-1556224d402d|name 967|content 967
359de7d7-06fa-485f-8385-8305a8787846|name 968|content 968
5d4f8191-225f-44df-b87e-c9ed13fd13bb|name 969|content 969
fff4a876-dd3c-49a5-b8f3-1a239a0eb6e8|name 970|content 970
1e038b6f-613b-401d-8eaa-e21f4764fd41|name 971|content 971
cbc90310-8768-466b-a710-c17b9691fd75|name 972|content 972
bb2e05d0-a9f7-476d-85bc-b81f0a101058|name 973|content 973
fdcfe6c1-c44b-4c48-a780-2c18c8fceb5b|name 974|content 974
d8f11c10-2be5-44eb-9164-396234e05d86|name 975|content 975
1f434cf0-1dc8-4169-9e33-c8a0e0aeb453|name 976|content 976
2f6543e1-e17f-4a35-8be4-305dce0ae9f1|name 977|content 977
bbdd3eb2-ea03-441c-895e-2d7946ca5db6|name 978|content 978
f1e37ae4-5684-45cf-bcb9-d74d904974c3|name 979|content 979
97e43f1d-641b-4fe0-bac6-e7438ddb2c1f|name 980|content 980
44392fdf-f53a-4067-9a7b-07eb627a536a|name 981|content 981
85706649-7a63-4ca7-8dbf-79547b6921f5|name 982|content 982
5ffd3847-fd23-4271-bff0-72551826bf57|name 983|content 983
8a3eb70f-5de4-454c-9435-066fd811ae78|name 984|content 984
01bc7a5e-01a3-4182-9ca3-534240f666fa|name 985|content 985
be50926f-0e22-40dc-aeaa-988daa13c7ed|name 986|content 986
e25b3974-7262-44a0-ab2d-8a4e369b2146|name 987|content 987
6ee1fdc9-9d4f-4466-9348-9f33d77a11af|name 988|content 988
2350ec27-8f09-40b5-9cbf-0082992051bb|name 989|content 989
53699223-0398-462e-87c2-32b2596b3337|name 990|content 990
bdba9bcb-d842-466f-b847-9a05cef69744|name 991|content 991
24c3d3e2-527d-46b1-994c-4b4caa0fc654|name 992|content 992
d6716229-d53b-42d1-9260-52941cd0efec|name 993|content 993
d93d7108-cc71-4bc7-bdad-1f4e3426fe94|name 994|content 994
0ae5987d-78ff-43bc-8aff-bb344705ce0c|name 995|content 995
03ffb890-b67d-44d8-95d7-250d6f5491d4|name 996|content 996
5eb70545-e858-4dd4-86d8-0d3f49ab4330|name 997|content 997
d2e50788-d922-4c17-a37c-04b702a7991c|name 998|content 998
9bd8f02d-8cf7-4c9f-81bb-2df12a45f8df|name 999|content 999
